2025-01-21 22:06:39 | house_pred | INFO | Loading configuration from config\config.yaml
2025-01-21 22:06:39 | house_pred | INFO | Configuration loaded successfully
2025-01-21 22:06:39 | house_pred | INFO | Starting pipeline execution
2025-01-21 22:06:42 | house_pred | INFO | MLflow setup completed. Tracking URI: sqlite:///mlflow.db
2025-01-21 22:06:42 | house_pred | INFO | Experiment name: houseprice_prediction
2025-01-21 22:06:43 | house_pred | INFO | Started pipeline run with ID: 754008f657ad438ca7d952b12c94bcae
2025-01-21 22:06:43 | house_pred | INFO | Step 1: Loading data
2025-01-21 22:06:43 | house_pred | INFO | Initialized DataLoader with path: artifacts/train.csv
2025-01-21 22:06:43 | house_pred | INFO | Loading data from artifacts/train.csv
2025-01-21 22:06:43 | house_pred | INFO | Data loaded successfully with shape (1460, 81)
2025-01-21 22:06:43 | house_pred | INFO | Validating data
2025-01-21 22:06:43 | house_pred | WARNING | Found null values:
LotFrontage      259
Alley           1369
MasVnrType       872
MasVnrArea         8
BsmtQual          37
BsmtCond          37
BsmtExposure      38
BsmtFinType1      37
BsmtFinType2      38
Electrical         1
FireplaceQu      690
GarageType        81
GarageYrBlt       81
GarageFinish      81
GarageQual        81
GarageCond        81
PoolQC          1453
Fence           1179
MiscFeature     1406
dtype: int64
2025-01-21 22:06:43 | house_pred | INFO | Data validation completed
2025-01-21 22:06:43 | house_pred | INFO | Step 2: Preprocessing data
2025-01-21 22:06:43 | house_pred | INFO | Initialized DataProcessor
2025-01-21 22:06:43 | house_pred | INFO | Starting fit_transform process
2025-01-21 22:06:43 | house_pred | INFO | Fitting LabelEncoder for column: MSZoning
2025-01-21 22:06:43 | house_pred | INFO | Fitting LabelEncoder for column: Street
2025-01-21 22:06:43 | house_pred | INFO | Fitting LabelEncoder for column: LotShape
2025-01-21 22:06:43 | house_pred | INFO | Fitting LabelEncoder for column: LandContour
2025-01-21 22:06:43 | house_pred | INFO | Fitting LabelEncoder for column: Utilities
2025-01-21 22:06:43 | house_pred | INFO | Fitting LabelEncoder for column: LotConfig
2025-01-21 22:06:43 | house_pred | INFO | Fitting LabelEncoder for column: LandSlope
2025-01-21 22:06:43 | house_pred | INFO | Fitting LabelEncoder for column: Neighborhood
2025-01-21 22:06:43 | house_pred | INFO | Fitting LabelEncoder for column: Condition1
2025-01-21 22:06:43 | house_pred | INFO | Fitting LabelEncoder for column: Condition2
2025-01-21 22:06:43 | house_pred | INFO | Fitting LabelEncoder for column: BldgType
2025-01-21 22:06:43 | house_pred | INFO | Fitting LabelEncoder for column: HouseStyle
2025-01-21 22:06:43 | house_pred | INFO | Fitting LabelEncoder for column: RoofStyle
2025-01-21 22:06:43 | house_pred | INFO | Fitting LabelEncoder for column: RoofMatl
2025-01-21 22:06:43 | house_pred | INFO | Fitting LabelEncoder for column: Exterior1st
2025-01-21 22:06:43 | house_pred | INFO | Fitting LabelEncoder for column: Exterior2nd
2025-01-21 22:06:43 | house_pred | INFO | Fitting LabelEncoder for column: ExterQual
2025-01-21 22:06:43 | house_pred | INFO | Fitting LabelEncoder for column: ExterCond
2025-01-21 22:06:43 | house_pred | INFO | Fitting LabelEncoder for column: Foundation
2025-01-21 22:06:43 | house_pred | INFO | Fitting LabelEncoder for column: BsmtQual
2025-01-21 22:06:43 | house_pred | INFO | Fitting LabelEncoder for column: BsmtCond
2025-01-21 22:06:43 | house_pred | INFO | Fitting LabelEncoder for column: BsmtExposure
2025-01-21 22:06:43 | house_pred | INFO | Fitting LabelEncoder for column: BsmtFinType1
2025-01-21 22:06:43 | house_pred | INFO | Fitting LabelEncoder for column: BsmtFinType2
2025-01-21 22:06:43 | house_pred | INFO | Fitting LabelEncoder for column: Heating
2025-01-21 22:06:43 | house_pred | INFO | Fitting LabelEncoder for column: HeatingQC
2025-01-21 22:06:43 | house_pred | INFO | Fitting LabelEncoder for column: CentralAir
2025-01-21 22:06:43 | house_pred | INFO | Fitting LabelEncoder for column: Electrical
2025-01-21 22:06:43 | house_pred | INFO | Fitting LabelEncoder for column: KitchenQual
2025-01-21 22:06:43 | house_pred | INFO | Fitting LabelEncoder for column: Functional
2025-01-21 22:06:43 | house_pred | INFO | Fitting LabelEncoder for column: GarageType
2025-01-21 22:06:43 | house_pred | INFO | Fitting LabelEncoder for column: GarageFinish
2025-01-21 22:06:43 | house_pred | INFO | Fitting LabelEncoder for column: GarageQual
2025-01-21 22:06:43 | house_pred | INFO | Fitting LabelEncoder for column: GarageCond
2025-01-21 22:06:43 | house_pred | INFO | Fitting LabelEncoder for column: PavedDrive
2025-01-21 22:06:43 | house_pred | INFO | Fitting LabelEncoder for column: SaleType
2025-01-21 22:06:43 | house_pred | INFO | Fitting LabelEncoder for column: SaleCondition
2025-01-21 22:06:43 | house_pred | INFO | Fitting StandardScaler for numerical columns
2025-01-21 22:06:43 | house_pred | INFO | Fit_transform completed successfully
2025-01-21 22:06:43 | house_pred | INFO | Saving preprocessors to models/preprocessing
2025-01-21 22:06:43 | house_pred | INFO | Preprocessors saved successfully
2025-01-21 22:06:43 | house_pred | INFO | Step 3: Training and evaluating models
2025-01-21 22:06:43 | house_pred | INFO | MLflow setup completed successfully
2025-01-21 22:06:43 | house_pred | INFO | Initialized ModelTrainer with experiment: houseprice_prediction
2025-01-21 22:06:43 | house_pred | INFO | Starting training of all models
2025-01-21 22:06:43 | house_pred | INFO | Training decision_tree model
2025-01-21 22:06:43 | house_pred | INFO | Creating model of type: decision_tree
2025-01-21 22:06:43 | house_pred | INFO | Successfully created decision_tree model
2025-01-21 22:06:51 | house_pred | INFO | Completed training decision_tree model
2025-01-21 22:06:51 | house_pred | INFO | Metrics: {'R2 Score': 0.8452969529908211, 'MSE': 4791.368597323047, 'RMSE': 69.21971249090137, 'MAE': 50.94763314101619, 'MAPE': np.float64(0.6145383757673156)}
2025-01-21 22:06:51 | house_pred | INFO | Training random_forest model
2025-01-21 22:06:51 | house_pred | INFO | Creating model of type: random_forest
2025-01-21 22:06:51 | house_pred | INFO | Successfully created random_forest model
2025-01-21 22:06:59 | house_pred | INFO | Completed training random_forest model
2025-01-21 22:06:59 | house_pred | INFO | Metrics: {'R2 Score': 0.9110177154568168, 'MSE': 2755.9051493858165, 'RMSE': 52.49671560570067, 'MAE': 39.05157038648348, 'MAPE': np.float64(0.5411458591354114)}
2025-01-21 22:06:59 | house_pred | INFO | Training xgboost model
2025-01-21 22:06:59 | house_pred | INFO | Creating model of type: xgboost
2025-01-21 22:06:59 | house_pred | INFO | Successfully created xgboost model
2025-01-21 22:07:07 | house_pred | INFO | Completed training xgboost model
2025-01-21 22:07:07 | house_pred | INFO | Metrics: {'R2 Score': 0.9294495582580566, 'MSE': 2185.044921875, 'RMSE': 46.7444640773108, 'MAE': 34.22992706298828, 'MAPE': np.float64(0.4172815199656793)}
2025-01-21 22:07:07 | house_pred | INFO | Selecting best model
2025-01-21 22:07:07 | house_pred | INFO | Selected xgboost as best model
2025-01-21 22:07:07 | house_pred | INFO | Best model metrics: {'R2 Score': 0.9294495582580566, 'MSE': 2185.044921875, 'RMSE': 46.7444640773108, 'MAE': 34.22992706298828, 'MAPE': np.float64(0.4172815199656793)}
2025-01-21 22:07:07 | house_pred | INFO | Completed training all models
2025-01-21 22:07:07 | house_pred | INFO | Pipeline execution completed successfully
